<?xml version="1.0" encoding="UTF-8"?>
<!-- Generated by org.testng.reporters.JUnitReportReporter -->
<testsuite hostname="Abhisheks-MacBook-Air.local" failures="0" tests="1" name="chainingAPI.CreateUser" time="2.380" errors="0" timestamp="2024-11-04T13:05:23 IST" skipped="0">
  <testcase classname="chainingAPI.CreateUser" name="createUser" time="2.380"/>
</testsuite> <!-- chainingAPI.CreateUser -->
