<?xml version="1.0" encoding="UTF-8"?>
<!-- Generated by org.testng.reporters.JUnitReportReporter -->
<testsuite hostname="Abhisheks-MacBook-Air.local" failures="0" tests="4" name="HTTPRequest" time="2.838" errors="0" timestamp="2024-10-28T20:08:27 IST" skipped="0">
  <testcase classname="HTTPRequest" name="createUser" time="1.757"/>
  <testcase classname="HTTPRequest" name="modifyUser" time="0.620"/>
  <testcase classname="HTTPRequest" name="getUsers" time="0.081"/>
  <testcase classname="HTTPRequest" name="deleteUser" time="0.380"/>
</testsuite> <!-- HTTPRequest -->
