<?xml version="1.0" encoding="UTF-8"?>
<!-- Generated by org.testng.reporters.JUnitReportReporter -->
<testsuite hostname="Abhisheks-MacBook-Air.local" failures="0" tests="2" name="HeadersDemo" time="2.126" errors="0" timestamp="2024-10-28T22:16:18 IST" skipped="0">
  <testcase classname="HeadersDemo" name="headers" time="1.006"/>
  <testcase classname="HeadersDemo" name="getCoockie" time="1.120"/>
</testsuite> <!-- HeadersDemo -->
