<?xml version="1.0" encoding="UTF-8"?>
<!-- Generated by org.testng.reporters.JUnitReportReporter -->
<testsuite hostname="Abhisheks-MacBook-Air.local" failures="0" tests="1" name="FakerDataGenerator" time="0.130" errors="0" timestamp="2024-10-29T12:45:05 IST" skipped="0">
  <testcase classname="FakerDataGenerator" name="dummyDataGenerate" time="0.130"/>
</testsuite> <!-- FakerDataGenerator -->
