<?xml version="1.0" encoding="UTF-8"?>
<!-- Generated by org.testng.reporters.JUnitReportReporter -->
<testsuite hostname="Abhisheks-MacBook-Air.local" failures="0" tests="1" name="TestQueryAndPathParameters" time="1.453" errors="0" timestamp="2024-10-28T21:44:35 IST" skipped="0">
  <testcase classname="TestQueryAndPathParameters" name="queryAndPathparameter" time="1.453"/>
</testsuite> <!-- TestQueryAndPathParameters -->
