<?xml version="1.0" encoding="UTF-8"?>
<!-- Generated by org.testng.reporters.JUnitReportReporter -->
<testsuite hostname="Abhisheks-MacBook-Air.local" failures="0" tests="1" name="chainingAPI.GetUser" time="0.253" errors="0" timestamp="2024-11-04T13:05:23 IST" skipped="0">
  <testcase classname="chainingAPI.GetUser" name="getUser" time="0.253"/>
</testsuite> <!-- chainingAPI.GetUser -->
