<?xml version="1.0" encoding="UTF-8"?>
<!-- Generated by org.testng.reporters.JUnitReportReporter -->
<testsuite hostname="Abhisheks-MacBook-Air.local" failures="0" tests="1" name="LoggingDemo" time="2.158" errors="0" timestamp="2024-10-28T22:17:46 IST" skipped="0">
  <testcase classname="LoggingDemo" name="testLogs" time="2.158"/>
</testsuite> <!-- LoggingDemo -->
