<?xml version="1.0" encoding="UTF-8"?>
<!-- Generated by org.testng.reporters.JUnitReportReporter -->
<testsuite hostname="Abhisheks-MacBook-Air.local" failures="0" tests="1" name="chainingAPI.DeleteUser" time="0.267" errors="0" timestamp="2024-11-04T13:05:23 IST" skipped="0">
  <testcase classname="chainingAPI.DeleteUser" name="deleteUser" time="0.267"/>
</testsuite> <!-- chainingAPI.DeleteUser -->
