<?xml version="1.0" encoding="UTF-8"?>
<!-- Generated by org.testng.reporters.JUnitReportReporter -->
<testsuite hostname="Abhisheks-MacBook-Air.local" failures="0" tests="2" name="SerializationDeserialization" time="0.158" errors="0" timestamp="2024-10-29T07:46:07 IST" skipped="0">
  <testcase classname="SerializationDeserialization" name="deSerialization" time="0.147"/>
  <testcase classname="SerializationDeserialization" name="serialization" time="0.011"/>
</testsuite> <!-- SerializationDeserialization -->
