<?xml version="1.0" encoding="UTF-8"?>
<!-- Generated by org.testng.reporters.JUnitReportReporter -->
<testsuite hostname="Abhisheks-MacBook-Air.local" failures="0" tests="1" name="xmlSchemaValidation" time="1.389" errors="0" timestamp="2024-10-29T07:25:32 IST" skipped="0">
  <testcase classname="xmlSchemaValidation" name="xmlValodation" time="1.389"/>
</testsuite> <!-- xmlSchemaValidation -->
