<?xml version="1.0" encoding="UTF-8"?>
<!-- Generated by org.testng.reporters.JUnitReportReporter -->
<testsuite hostname="Abhisheks-MacBook-Air.local" failures="0" tests="1" name="chainingAPI.DeleteUser" time="0.238" errors="0" timestamp="2024-11-04T13:38:44 IST" skipped="0">
  <testcase classname="chainingAPI.DeleteUser" name="deleteUser" time="0.238"/>
</testsuite> <!-- chainingAPI.DeleteUser -->
